<?xml version="1.0" encoding="UTF-8"?>
<!-- Generated by org.testng.reporters.JUnitXMLReporter -->
<testsuite ignored="1" hostname="DESKTOP-4PFGOAF" failures="0" tests="1" name="Default test" time="5.159" errors="0" timestamp="2025-02-15T08:07:02 IST">
  <testcase classname="Day7.Authentication" name="testDigestAuthentication" time="5.077"/>
  <testcase classname="Day7.Authentication" name="testBasicAuthentication" time="0.0">
    <ignored/>
  </testcase> <!-- testBasicAuthentication -->
</testsuite> <!-- Default test -->
