<?xml version="1.0" encoding="UTF-8"?>
<testng-results ignored="0" total="1" passed="1" failed="0" skipped="0">
  <reporter-output>
  </reporter-output>
  <suite started-at="2025-02-14T07:39:24 IST" name="Default suite" finished-at="2025-02-14T07:39:26 IST" duration-ms="2633">
    <groups>
    </groups>
    <test started-at="2025-02-14T07:39:24 IST" name="Default test" finished-at="2025-02-14T07:39:26 IST" duration-ms="2633">
      <class name="Day2.DiffWaysToCreatePostRequestBody">
        <test-method signature="testPostusingPOJO()[pri:1, instance:Day2.DiffWaysToCreatePostRequestBody@5c5eefef]" started-at="2025-02-14T07:39:24 IST" name="testPostusingPOJO" finished-at="2025-02-14T07:39:26 IST" duration-ms="2584" status="PASS">
          <reporter-output>
          </reporter-output>
        </test-method> <!-- testPostusingPOJO -->
      </class> <!-- Day2.DiffWaysToCreatePostRequestBody -->
    </test> <!-- Default test -->
  </suite> <!-- Default suite -->
</testng-results>
